<?xml version="1.0" encoding="UTF-8"?>
<robot generator="Robot 3.0.2 (Python 3.6.0 on win32)" generated="20170714 11:07:07.836">
<suite id="s1" name="Test" source="D:\百度云同步盘\项目\自动化测试\Python\Automaticaion Traninning\EX1_TC1_By_Module\test.robot">
<test id="s1-t1" name="Use Mouse Click Calculator">
<kw name="Launch App" library="EX1_TC1_Library">
<doc>Launch the specified ``application``.</doc>
<arguments>
<arg>calc</arg>
</arguments>
<status status="PASS" starttime="20170714 11:07:07.886" endtime="20170714 11:07:09.892"></status>
</kw>
<kw name="Title Should Be" library="EX1_TC1_Library">
<doc>Verifies that the opened Application is expected``.</doc>
<arguments>
<arg>Calculator</arg>
</arguments>
<status status="PASS" starttime="20170714 11:07:09.892" endtime="20170714 11:07:09.893"></status>
</kw>
<kw name="Open CSV" library="EX1_TC1_Library">
<doc>Open the specified CSV file``.</doc>
<arguments>
<arg>Sample.csv</arg>
</arguments>
<status status="PASS" starttime="20170714 11:07:09.893" endtime="20170714 11:07:09.894"></status>
</kw>
<kw name="Load Row" library="EX1_TC1_Library">
<doc>Load data from the specified Row of CSV file``.</doc>
<arguments>
<arg>All</arg>
</arguments>
<status status="PASS" starttime="20170714 11:07:09.894" endtime="20170714 11:07:09.894"></status>
</kw>
<kw name="Get Total Number Length" library="EX1_TC1_Library">
<assign>
<var>${Num}</var>
</assign>
<msg timestamp="20170714 11:07:09.895" level="INFO">${Num} = 25</msg>
<status status="PASS" starttime="20170714 11:07:09.895" endtime="20170714 11:07:09.895"></status>
</kw>
<kw name="${Index} IN RANGE [ 0 | ${Num} ]" type="for">
<kw name="${Index} = 0" type="foritem">
<kw name="Log" library="BuiltIn">
<doc>Logs the given message with the given level.</doc>
<arguments>
<arg>${Index}</arg>
</arguments>
<msg timestamp="20170714 11:07:09.895" level="INFO">0</msg>
<status status="PASS" starttime="20170714 11:07:09.895" endtime="20170714 11:07:09.896"></status>
</kw>
<kw name="Use Mouse Click" library="EX1_TC1_Library">
<doc>Control Mouse move and click the number/operation button</doc>
<arguments>
<arg>${Index}</arg>
</arguments>
<msg timestamp="20170714 11:07:12.897" level="INFO">Readed element is 3
Clicked 3</msg>
<status status="PASS" starttime="20170714 11:07:09.896" endtime="20170714 11:07:12.897"></status>
</kw>
<status status="PASS" starttime="20170714 11:07:09.895" endtime="20170714 11:07:12.897"></status>
</kw>
<kw name="${Index} = 1" type="foritem">
<kw name="Log" library="BuiltIn">
<doc>Logs the given message with the given level.</doc>
<arguments>
<arg>${Index}</arg>
</arguments>
<msg timestamp="20170714 11:07:12.898" level="INFO">1</msg>
<status status="PASS" starttime="20170714 11:07:12.897" endtime="20170714 11:07:12.898"></status>
</kw>
<kw name="Use Mouse Click" library="EX1_TC1_Library">
<doc>Control Mouse move and click the number/operation button</doc>
<arguments>
<arg>${Index}</arg>
</arguments>
<msg timestamp="20170714 11:07:15.898" level="INFO">Readed element is =
Clicked =</msg>
<status status="PASS" starttime="20170714 11:07:12.898" endtime="20170714 11:07:15.898"></status>
</kw>
<status status="PASS" starttime="20170714 11:07:12.897" endtime="20170714 11:07:15.898"></status>
</kw>
<kw name="${Index} = 2" type="foritem">
<kw name="Log" library="BuiltIn">
<doc>Logs the given message with the given level.</doc>
<arguments>
<arg>${Index}</arg>
</arguments>
<msg timestamp="20170714 11:07:15.898" level="INFO">2</msg>
<status status="PASS" starttime="20170714 11:07:15.898" endtime="20170714 11:07:15.898"></status>
</kw>
<kw name="Use Mouse Click" library="EX1_TC1_Library">
<doc>Control Mouse move and click the number/operation button</doc>
<arguments>
<arg>${Index}</arg>
</arguments>
<msg timestamp="20170714 11:07:15.899" level="INFO">The current result in the Calculator is 3
And the excepted result in the CSV file is 3</msg>
<status status="PASS" starttime="20170714 11:07:15.899" endtime="20170714 11:07:15.899"></status>
</kw>
<status status="PASS" starttime="20170714 11:07:15.898" endtime="20170714 11:07:15.899"></status>
</kw>
<kw name="${Index} = 3" type="foritem">
<kw name="Log" library="BuiltIn">
<doc>Logs the given message with the given level.</doc>
<arguments>
<arg>${Index}</arg>
</arguments>
<msg timestamp="20170714 11:07:15.899" level="INFO">3</msg>
<status status="PASS" starttime="20170714 11:07:15.899" endtime="20170714 11:07:15.899"></status>
</kw>
<kw name="Use Mouse Click" library="EX1_TC1_Library">
<doc>Control Mouse move and click the number/operation button</doc>
<arguments>
<arg>${Index}</arg>
</arguments>
<msg timestamp="20170714 11:07:18.900" level="INFO">Readed element is 3
Clicked 3</msg>
<status status="PASS" starttime="20170714 11:07:15.899" endtime="20170714 11:07:18.900"></status>
</kw>
<status status="PASS" starttime="20170714 11:07:15.899" endtime="20170714 11:07:18.900"></status>
</kw>
<kw name="${Index} = 4" type="foritem">
<kw name="Log" library="BuiltIn">
<doc>Logs the given message with the given level.</doc>
<arguments>
<arg>${Index}</arg>
</arguments>
<msg timestamp="20170714 11:07:18.900" level="INFO">4</msg>
<status status="PASS" starttime="20170714 11:07:18.900" endtime="20170714 11:07:18.901"></status>
</kw>
<kw name="Use Mouse Click" library="EX1_TC1_Library">
<doc>Control Mouse move and click the number/operation button</doc>
<arguments>
<arg>${Index}</arg>
</arguments>
<msg timestamp="20170714 11:07:21.902" level="INFO">Readed element is +
Clicked +</msg>
<status status="PASS" starttime="20170714 11:07:18.901" endtime="20170714 11:07:21.902"></status>
</kw>
<status status="PASS" starttime="20170714 11:07:18.900" endtime="20170714 11:07:21.902"></status>
</kw>
<kw name="${Index} = 5" type="foritem">
<kw name="Log" library="BuiltIn">
<doc>Logs the given message with the given level.</doc>
<arguments>
<arg>${Index}</arg>
</arguments>
<msg timestamp="20170714 11:07:21.902" level="INFO">5</msg>
<status status="PASS" starttime="20170714 11:07:21.902" endtime="20170714 11:07:21.903"></status>
</kw>
<kw name="Use Mouse Click" library="EX1_TC1_Library">
<doc>Control Mouse move and click the number/operation button</doc>
<arguments>
<arg>${Index}</arg>
</arguments>
<msg timestamp="20170714 11:07:24.903" level="INFO">Readed element is 8
Clicked 8</msg>
<status status="PASS" starttime="20170714 11:07:21.903" endtime="20170714 11:07:24.903"></status>
</kw>
<status status="PASS" starttime="20170714 11:07:21.902" endtime="20170714 11:07:24.903"></status>
</kw>
<kw name="${Index} = 6" type="foritem">
<kw name="Log" library="BuiltIn">
<doc>Logs the given message with the given level.</doc>
<arguments>
<arg>${Index}</arg>
</arguments>
<msg timestamp="20170714 11:07:24.903" level="INFO">6</msg>
<status status="PASS" starttime="20170714 11:07:24.903" endtime="20170714 11:07:24.904"></status>
</kw>
<kw name="Use Mouse Click" library="EX1_TC1_Library">
<doc>Control Mouse move and click the number/operation button</doc>
<arguments>
<arg>${Index}</arg>
</arguments>
<msg timestamp="20170714 11:07:27.904" level="INFO">Readed element is -
Clicked -</msg>
<status status="PASS" starttime="20170714 11:07:24.904" endtime="20170714 11:07:27.904"></status>
</kw>
<status status="PASS" starttime="20170714 11:07:24.903" endtime="20170714 11:07:27.904"></status>
</kw>
<kw name="${Index} = 7" type="foritem">
<kw name="Log" library="BuiltIn">
<doc>Logs the given message with the given level.</doc>
<arguments>
<arg>${Index}</arg>
</arguments>
<msg timestamp="20170714 11:07:27.905" level="INFO">7</msg>
<status status="PASS" starttime="20170714 11:07:27.904" endtime="20170714 11:07:27.905"></status>
</kw>
<kw name="Use Mouse Click" library="EX1_TC1_Library">
<doc>Control Mouse move and click the number/operation button</doc>
<arguments>
<arg>${Index}</arg>
</arguments>
<msg timestamp="20170714 11:07:33.906" level="INFO">Readed element is 7
Clicked 7
Readed element is 5
Clicked 5</msg>
<status status="PASS" starttime="20170714 11:07:27.905" endtime="20170714 11:07:33.906"></status>
</kw>
<status status="PASS" starttime="20170714 11:07:27.904" endtime="20170714 11:07:33.906"></status>
</kw>
<kw name="${Index} = 8" type="foritem">
<kw name="Log" library="BuiltIn">
<doc>Logs the given message with the given level.</doc>
<arguments>
<arg>${Index}</arg>
</arguments>
<msg timestamp="20170714 11:07:33.907" level="INFO">8</msg>
<status status="PASS" starttime="20170714 11:07:33.906" endtime="20170714 11:07:33.907"></status>
</kw>
<kw name="Use Mouse Click" library="EX1_TC1_Library">
<doc>Control Mouse move and click the number/operation button</doc>
<arguments>
<arg>${Index}</arg>
</arguments>
<msg timestamp="20170714 11:07:36.907" level="INFO">Readed element is /
Clicked /</msg>
<status status="PASS" starttime="20170714 11:07:33.907" endtime="20170714 11:07:36.907"></status>
</kw>
<status status="PASS" starttime="20170714 11:07:33.906" endtime="20170714 11:07:36.907"></status>
</kw>
<kw name="${Index} = 9" type="foritem">
<kw name="Log" library="BuiltIn">
<doc>Logs the given message with the given level.</doc>
<arguments>
<arg>${Index}</arg>
</arguments>
<msg timestamp="20170714 11:07:36.907" level="INFO">9</msg>
<status status="PASS" starttime="20170714 11:07:36.907" endtime="20170714 11:07:36.908"></status>
</kw>
<kw name="Use Mouse Click" library="EX1_TC1_Library">
<doc>Control Mouse move and click the number/operation button</doc>
<arguments>
<arg>${Index}</arg>
</arguments>
<msg timestamp="20170714 11:07:42.909" level="INFO">Readed element is 4
Clicked 4
Readed element is 5
Clicked 5</msg>
<status status="PASS" starttime="20170714 11:07:36.908" endtime="20170714 11:07:42.909"></status>
</kw>
<status status="PASS" starttime="20170714 11:07:36.907" endtime="20170714 11:07:42.909"></status>
</kw>
<kw name="${Index} = 10" type="foritem">
<kw name="Log" library="BuiltIn">
<doc>Logs the given message with the given level.</doc>
<arguments>
<arg>${Index}</arg>
</arguments>
<msg timestamp="20170714 11:07:42.909" level="INFO">10</msg>
<status status="PASS" starttime="20170714 11:07:42.909" endtime="20170714 11:07:42.910"></status>
</kw>
<kw name="Use Mouse Click" library="EX1_TC1_Library">
<doc>Control Mouse move and click the number/operation button</doc>
<arguments>
<arg>${Index}</arg>
</arguments>
<msg timestamp="20170714 11:07:45.910" level="INFO">Readed element is *
Clicked *</msg>
<status status="PASS" starttime="20170714 11:07:42.910" endtime="20170714 11:07:45.910"></status>
</kw>
<status status="PASS" starttime="20170714 11:07:42.909" endtime="20170714 11:07:45.910"></status>
</kw>
<kw name="${Index} = 11" type="foritem">
<kw name="Log" library="BuiltIn">
<doc>Logs the given message with the given level.</doc>
<arguments>
<arg>${Index}</arg>
</arguments>
<msg timestamp="20170714 11:07:45.910" level="INFO">11</msg>
<status status="PASS" starttime="20170714 11:07:45.910" endtime="20170714 11:07:45.911"></status>
</kw>
<kw name="Use Mouse Click" library="EX1_TC1_Library">
<doc>Control Mouse move and click the number/operation button</doc>
<arguments>
<arg>${Index}</arg>
</arguments>
<msg timestamp="20170714 11:07:54.912" level="INFO">Readed element is 3
Clicked 3
Readed element is 9
Clicked 9
Readed element is 9
Clicked 9</msg>
<status status="PASS" starttime="20170714 11:07:45.911" endtime="20170714 11:07:54.912"></status>
</kw>
<status status="PASS" starttime="20170714 11:07:45.910" endtime="20170714 11:07:54.912"></status>
</kw>
<kw name="${Index} = 12" type="foritem">
<kw name="Log" library="BuiltIn">
<doc>Logs the given message with the given level.</doc>
<arguments>
<arg>${Index}</arg>
</arguments>
<msg timestamp="20170714 11:07:54.912" level="INFO">12</msg>
<status status="PASS" starttime="20170714 11:07:54.912" endtime="20170714 11:07:54.913"></status>
</kw>
<kw name="Use Mouse Click" library="EX1_TC1_Library">
<doc>Control Mouse move and click the number/operation button</doc>
<arguments>
<arg>${Index}</arg>
</arguments>
<msg timestamp="20170714 11:07:57.913" level="INFO">Readed element is =
Clicked =</msg>
<status status="PASS" starttime="20170714 11:07:54.913" endtime="20170714 11:07:57.913"></status>
</kw>
<status status="PASS" starttime="20170714 11:07:54.912" endtime="20170714 11:07:57.913"></status>
</kw>
<kw name="${Index} = 13" type="foritem">
<kw name="Log" library="BuiltIn">
<doc>Logs the given message with the given level.</doc>
<arguments>
<arg>${Index}</arg>
</arguments>
<msg timestamp="20170714 11:07:57.913" level="INFO">13</msg>
<status status="PASS" starttime="20170714 11:07:57.913" endtime="20170714 11:07:57.913"></status>
</kw>
<kw name="Use Mouse Click" library="EX1_TC1_Library">
<doc>Control Mouse move and click the number/operation button</doc>
<arguments>
<arg>${Index}</arg>
</arguments>
<msg timestamp="20170714 11:07:57.914" level="INFO">The current result in the Calculator is -567.4666666666667
And the excepted result in the CSV file is 383</msg>
<status status="PASS" starttime="20170714 11:07:57.914" endtime="20170714 11:07:57.914"></status>
</kw>
<status status="PASS" starttime="20170714 11:07:57.913" endtime="20170714 11:07:57.914"></status>
</kw>
<kw name="${Index} = 14" type="foritem">
<kw name="Log" library="BuiltIn">
<doc>Logs the given message with the given level.</doc>
<arguments>
<arg>${Index}</arg>
</arguments>
<msg timestamp="20170714 11:07:57.914" level="INFO">14</msg>
<status status="PASS" starttime="20170714 11:07:57.914" endtime="20170714 11:07:57.914"></status>
</kw>
<kw name="Use Mouse Click" library="EX1_TC1_Library">
<doc>Control Mouse move and click the number/operation button</doc>
<arguments>
<arg>${Index}</arg>
</arguments>
<msg timestamp="20170714 11:08:00.918" level="INFO">Readed element is 4
Clicked 4</msg>
<status status="PASS" starttime="20170714 11:07:57.914" endtime="20170714 11:08:00.918"></status>
</kw>
<status status="PASS" starttime="20170714 11:07:57.914" endtime="20170714 11:08:00.918"></status>
</kw>
<kw name="${Index} = 15" type="foritem">
<kw name="Log" library="BuiltIn">
<doc>Logs the given message with the given level.</doc>
<arguments>
<arg>${Index}</arg>
</arguments>
<msg timestamp="20170714 11:08:00.918" level="INFO">15</msg>
<status status="PASS" starttime="20170714 11:08:00.918" endtime="20170714 11:08:00.918"></status>
</kw>
<kw name="Use Mouse Click" library="EX1_TC1_Library">
<doc>Control Mouse move and click the number/operation button</doc>
<arguments>
<arg>${Index}</arg>
</arguments>
<msg timestamp="20170714 11:08:03.920" level="INFO">Readed element is -
Clicked -</msg>
<status status="PASS" starttime="20170714 11:08:00.919" endtime="20170714 11:08:03.920"></status>
</kw>
<status status="PASS" starttime="20170714 11:08:00.918" endtime="20170714 11:08:03.920"></status>
</kw>
<kw name="${Index} = 16" type="foritem">
<kw name="Log" library="BuiltIn">
<doc>Logs the given message with the given level.</doc>
<arguments>
<arg>${Index}</arg>
</arguments>
<msg timestamp="20170714 11:08:03.920" level="INFO">16</msg>
<status status="PASS" starttime="20170714 11:08:03.920" endtime="20170714 11:08:03.921"></status>
</kw>
<kw name="Use Mouse Click" library="EX1_TC1_Library">
<doc>Control Mouse move and click the number/operation button</doc>
<arguments>
<arg>${Index}</arg>
</arguments>
<msg timestamp="20170714 11:08:06.921" level="INFO">Readed element is 3
Clicked 3</msg>
<status status="PASS" starttime="20170714 11:08:03.921" endtime="20170714 11:08:06.921"></status>
</kw>
<status status="PASS" starttime="20170714 11:08:03.920" endtime="20170714 11:08:06.921"></status>
</kw>
<kw name="${Index} = 17" type="foritem">
<kw name="Log" library="BuiltIn">
<doc>Logs the given message with the given level.</doc>
<arguments>
<arg>${Index}</arg>
</arguments>
<msg timestamp="20170714 11:08:06.922" level="INFO">17</msg>
<status status="PASS" starttime="20170714 11:08:06.922" endtime="20170714 11:08:06.922"></status>
</kw>
<kw name="Use Mouse Click" library="EX1_TC1_Library">
<doc>Control Mouse move and click the number/operation button</doc>
<arguments>
<arg>${Index}</arg>
</arguments>
<msg timestamp="20170714 11:08:09.922" level="INFO">Readed element is =
Clicked =</msg>
<status status="PASS" starttime="20170714 11:08:06.922" endtime="20170714 11:08:09.922"></status>
</kw>
<status status="PASS" starttime="20170714 11:08:06.921" endtime="20170714 11:08:09.922"></status>
</kw>
<kw name="${Index} = 18" type="foritem">
<kw name="Log" library="BuiltIn">
<doc>Logs the given message with the given level.</doc>
<arguments>
<arg>${Index}</arg>
</arguments>
<msg timestamp="20170714 11:08:09.922" level="INFO">18</msg>
<status status="PASS" starttime="20170714 11:08:09.922" endtime="20170714 11:08:09.923"></status>
</kw>
<kw name="Use Mouse Click" library="EX1_TC1_Library">
<doc>Control Mouse move and click the number/operation button</doc>
<arguments>
<arg>${Index}</arg>
</arguments>
<msg timestamp="20170714 11:08:09.923" level="INFO">The current result in the Calculator is 1
And the excepted result in the CSV file is 1</msg>
<status status="PASS" starttime="20170714 11:08:09.923" endtime="20170714 11:08:09.923"></status>
</kw>
<status status="PASS" starttime="20170714 11:08:09.922" endtime="20170714 11:08:09.923"></status>
</kw>
<kw name="${Index} = 19" type="foritem">
<kw name="Log" library="BuiltIn">
<doc>Logs the given message with the given level.</doc>
<arguments>
<arg>${Index}</arg>
</arguments>
<msg timestamp="20170714 11:08:09.923" level="INFO">19</msg>
<status status="PASS" starttime="20170714 11:08:09.923" endtime="20170714 11:08:09.923"></status>
</kw>
<kw name="Use Mouse Click" library="EX1_TC1_Library">
<doc>Control Mouse move and click the number/operation button</doc>
<arguments>
<arg>${Index}</arg>
</arguments>
<status status="PASS" starttime="20170714 11:08:09.923" endtime="20170714 11:08:09.924"></status>
</kw>
<status status="PASS" starttime="20170714 11:08:09.923" endtime="20170714 11:08:09.924"></status>
</kw>
<kw name="${Index} = 20" type="foritem">
<kw name="Log" library="BuiltIn">
<doc>Logs the given message with the given level.</doc>
<arguments>
<arg>${Index}</arg>
</arguments>
<msg timestamp="20170714 11:08:09.924" level="INFO">20</msg>
<status status="PASS" starttime="20170714 11:08:09.924" endtime="20170714 11:08:09.924"></status>
</kw>
<kw name="Use Mouse Click" library="EX1_TC1_Library">
<doc>Control Mouse move and click the number/operation button</doc>
<arguments>
<arg>${Index}</arg>
</arguments>
<status status="PASS" starttime="20170714 11:08:09.925" endtime="20170714 11:08:09.925"></status>
</kw>
<status status="PASS" starttime="20170714 11:08:09.924" endtime="20170714 11:08:09.925"></status>
</kw>
<kw name="${Index} = 21" type="foritem">
<kw name="Log" library="BuiltIn">
<doc>Logs the given message with the given level.</doc>
<arguments>
<arg>${Index}</arg>
</arguments>
<msg timestamp="20170714 11:08:09.925" level="INFO">21</msg>
<status status="PASS" starttime="20170714 11:08:09.925" endtime="20170714 11:08:09.925"></status>
</kw>
<kw name="Use Mouse Click" library="EX1_TC1_Library">
<doc>Control Mouse move and click the number/operation button</doc>
<arguments>
<arg>${Index}</arg>
</arguments>
<status status="PASS" starttime="20170714 11:08:09.925" endtime="20170714 11:08:09.925"></status>
</kw>
<status status="PASS" starttime="20170714 11:08:09.925" endtime="20170714 11:08:09.926"></status>
</kw>
<kw name="${Index} = 22" type="foritem">
<kw name="Log" library="BuiltIn">
<doc>Logs the given message with the given level.</doc>
<arguments>
<arg>${Index}</arg>
</arguments>
<msg timestamp="20170714 11:08:09.926" level="INFO">22</msg>
<status status="PASS" starttime="20170714 11:08:09.926" endtime="20170714 11:08:09.926"></status>
</kw>
<kw name="Use Mouse Click" library="EX1_TC1_Library">
<doc>Control Mouse move and click the number/operation button</doc>
<arguments>
<arg>${Index}</arg>
</arguments>
<status status="PASS" starttime="20170714 11:08:09.926" endtime="20170714 11:08:09.926"></status>
</kw>
<status status="PASS" starttime="20170714 11:08:09.926" endtime="20170714 11:08:09.926"></status>
</kw>
<kw name="${Index} = 23" type="foritem">
<kw name="Log" library="BuiltIn">
<doc>Logs the given message with the given level.</doc>
<arguments>
<arg>${Index}</arg>
</arguments>
<msg timestamp="20170714 11:08:09.927" level="INFO">23</msg>
<status status="PASS" starttime="20170714 11:08:09.926" endtime="20170714 11:08:09.927"></status>
</kw>
<kw name="Use Mouse Click" library="EX1_TC1_Library">
<doc>Control Mouse move and click the number/operation button</doc>
<arguments>
<arg>${Index}</arg>
</arguments>
<status status="PASS" starttime="20170714 11:08:09.927" endtime="20170714 11:08:09.927"></status>
</kw>
<status status="PASS" starttime="20170714 11:08:09.926" endtime="20170714 11:08:09.927"></status>
</kw>
<kw name="${Index} = 24" type="foritem">
<kw name="Log" library="BuiltIn">
<doc>Logs the given message with the given level.</doc>
<arguments>
<arg>${Index}</arg>
</arguments>
<msg timestamp="20170714 11:08:09.927" level="INFO">24</msg>
<status status="PASS" starttime="20170714 11:08:09.927" endtime="20170714 11:08:09.927"></status>
</kw>
<kw name="Use Mouse Click" library="EX1_TC1_Library">
<doc>Control Mouse move and click the number/operation button</doc>
<arguments>
<arg>${Index}</arg>
</arguments>
<status status="PASS" starttime="20170714 11:08:09.927" endtime="20170714 11:08:09.928"></status>
</kw>
<status status="PASS" starttime="20170714 11:08:09.927" endtime="20170714 11:08:09.928"></status>
</kw>
<status status="PASS" starttime="20170714 11:07:09.895" endtime="20170714 11:08:09.928"></status>
</kw>
<kw name="Get Excepted Result" library="EX1_TC1_Library">
<assign>
<var>${Excpeted}</var>
</assign>
<msg timestamp="20170714 11:08:09.928" level="INFO">${Excpeted} = ['3', '383', '1']</msg>
<status status="PASS" starttime="20170714 11:08:09.928" endtime="20170714 11:08:09.928"></status>
</kw>
<kw name="Get Displayed Result" library="EX1_TC1_Library">
<assign>
<var>${Displayed}</var>
</assign>
<msg timestamp="20170714 11:08:09.929" level="INFO">${Displayed} = ['3', '-567.4666666666667', '1']</msg>
<status status="PASS" starttime="20170714 11:08:09.929" endtime="20170714 11:08:09.929"></status>
</kw>
<kw name="Resut Should Equals" library="EX1_TC1_Library">
<arguments>
<arg>${Excpeted}</arg>
<arg>${Displayed}</arg>
</arguments>
<msg timestamp="20170714 11:08:09.931" level="FAIL">['3', '383', '1'] != ['3', '-567.4666666666667', '1']</msg>
<status status="FAIL" starttime="20170714 11:08:09.930" endtime="20170714 11:08:09.931"></status>
</kw>
<kw name="Close App" library="EX1_TC1_Library" type="teardown">
<status status="PASS" starttime="20170714 11:08:09.931" endtime="20170714 11:08:09.932"></status>
</kw>
<status status="FAIL" starttime="20170714 11:07:07.886" endtime="20170714 11:08:09.938" critical="yes">['3', '383', '1'] != ['3', '-567.4666666666667', '1']</status>
</test>
<test id="s1-t2" name="Use Keyboard Press Calculator">
<kw name="Launch App" library="EX1_TC1_Library">
<doc>Launch the specified ``application``.</doc>
<arguments>
<arg>calc</arg>
</arguments>
<status status="PASS" starttime="20170714 11:08:09.943" endtime="20170714 11:08:11.951"></status>
</kw>
<kw name="Title Should Be" library="EX1_TC1_Library">
<doc>Verifies that the opened Application is expected``.</doc>
<arguments>
<arg>Calculator</arg>
</arguments>
<status status="PASS" starttime="20170714 11:08:11.951" endtime="20170714 11:08:11.952"></status>
</kw>
<kw name="Open CSV" library="EX1_TC1_Library">
<doc>Open the specified CSV file``.</doc>
<arguments>
<arg>Sample.csv</arg>
</arguments>
<status status="PASS" starttime="20170714 11:08:11.952" endtime="20170714 11:08:11.953"></status>
</kw>
<kw name="Load Row" library="EX1_TC1_Library">
<doc>Load data from the specified Row of CSV file``.</doc>
<arguments>
<arg>All</arg>
</arguments>
<status status="PASS" starttime="20170714 11:08:11.953" endtime="20170714 11:08:11.953"></status>
</kw>
<kw name="Get Total Number Length" library="EX1_TC1_Library">
<assign>
<var>${Num}</var>
</assign>
<msg timestamp="20170714 11:08:11.954" level="INFO">${Num} = 25</msg>
<status status="PASS" starttime="20170714 11:08:11.954" endtime="20170714 11:08:11.954"></status>
</kw>
<kw name="${Index} IN RANGE [ 0 | ${Num} ]" type="for">
<kw name="${Index} = 0" type="foritem">
<kw name="Log" library="BuiltIn">
<doc>Logs the given message with the given level.</doc>
<arguments>
<arg>${Index}</arg>
</arguments>
<msg timestamp="20170714 11:08:11.955" level="INFO">0</msg>
<status status="PASS" starttime="20170714 11:08:11.954" endtime="20170714 11:08:11.955"></status>
</kw>
<kw name="Use Keyboard Press" library="EX1_TC1_Library">
<doc>Use the Keyboard to press the number/operation button</doc>
<arguments>
<arg>${Index}</arg>
</arguments>
<msg timestamp="20170714 11:08:13.005" level="INFO">Readed element is 3
Pressed 3</msg>
<status status="PASS" starttime="20170714 11:08:11.955" endtime="20170714 11:08:13.005"></status>
</kw>
<status status="PASS" starttime="20170714 11:08:11.954" endtime="20170714 11:08:13.005"></status>
</kw>
<kw name="${Index} = 1" type="foritem">
<kw name="Log" library="BuiltIn">
<doc>Logs the given message with the given level.</doc>
<arguments>
<arg>${Index}</arg>
</arguments>
<msg timestamp="20170714 11:08:13.006" level="INFO">1</msg>
<status status="PASS" starttime="20170714 11:08:13.005" endtime="20170714 11:08:13.006"></status>
</kw>
<kw name="Use Keyboard Press" library="EX1_TC1_Library">
<doc>Use the Keyboard to press the number/operation button</doc>
<arguments>
<arg>${Index}</arg>
</arguments>
<msg timestamp="20170714 11:08:14.056" level="INFO">Readed element is =
Pressed =</msg>
<status status="PASS" starttime="20170714 11:08:13.006" endtime="20170714 11:08:14.056"></status>
</kw>
<status status="PASS" starttime="20170714 11:08:13.005" endtime="20170714 11:08:14.056"></status>
</kw>
<kw name="${Index} = 2" type="foritem">
<kw name="Log" library="BuiltIn">
<doc>Logs the given message with the given level.</doc>
<arguments>
<arg>${Index}</arg>
</arguments>
<msg timestamp="20170714 11:08:14.056" level="INFO">2</msg>
<status status="PASS" starttime="20170714 11:08:14.056" endtime="20170714 11:08:14.057"></status>
</kw>
<kw name="Use Keyboard Press" library="EX1_TC1_Library">
<doc>Use the Keyboard to press the number/operation button</doc>
<arguments>
<arg>${Index}</arg>
</arguments>
<msg timestamp="20170714 11:08:14.057" level="INFO">The current result in the Calculator is 3
And the excepted result in the CSV file is 3</msg>
<status status="PASS" starttime="20170714 11:08:14.057" endtime="20170714 11:08:14.057"></status>
</kw>
<status status="PASS" starttime="20170714 11:08:14.056" endtime="20170714 11:08:14.057"></status>
</kw>
<kw name="${Index} = 3" type="foritem">
<kw name="Log" library="BuiltIn">
<doc>Logs the given message with the given level.</doc>
<arguments>
<arg>${Index}</arg>
</arguments>
<msg timestamp="20170714 11:08:14.058" level="INFO">3</msg>
<status status="PASS" starttime="20170714 11:08:14.057" endtime="20170714 11:08:14.058"></status>
</kw>
<kw name="Use Keyboard Press" library="EX1_TC1_Library">
<doc>Use the Keyboard to press the number/operation button</doc>
<arguments>
<arg>${Index}</arg>
</arguments>
<msg timestamp="20170714 11:08:15.108" level="INFO">Readed element is 3
Pressed 3</msg>
<status status="PASS" starttime="20170714 11:08:14.058" endtime="20170714 11:08:15.108"></status>
</kw>
<status status="PASS" starttime="20170714 11:08:14.057" endtime="20170714 11:08:15.108"></status>
</kw>
<kw name="${Index} = 4" type="foritem">
<kw name="Log" library="BuiltIn">
<doc>Logs the given message with the given level.</doc>
<arguments>
<arg>${Index}</arg>
</arguments>
<msg timestamp="20170714 11:08:15.109" level="INFO">4</msg>
<status status="PASS" starttime="20170714 11:08:15.108" endtime="20170714 11:08:15.109"></status>
</kw>
<kw name="Use Keyboard Press" library="EX1_TC1_Library">
<doc>Use the Keyboard to press the number/operation button</doc>
<arguments>
<arg>${Index}</arg>
</arguments>
<msg timestamp="20170714 11:08:16.159" level="INFO">Readed element is +
Pressed +</msg>
<status status="PASS" starttime="20170714 11:08:15.109" endtime="20170714 11:08:16.159"></status>
</kw>
<status status="PASS" starttime="20170714 11:08:15.108" endtime="20170714 11:08:16.159"></status>
</kw>
<kw name="${Index} = 5" type="foritem">
<kw name="Log" library="BuiltIn">
<doc>Logs the given message with the given level.</doc>
<arguments>
<arg>${Index}</arg>
</arguments>
<msg timestamp="20170714 11:08:16.159" level="INFO">5</msg>
<status status="PASS" starttime="20170714 11:08:16.159" endtime="20170714 11:08:16.160"></status>
</kw>
<kw name="Use Keyboard Press" library="EX1_TC1_Library">
<doc>Use the Keyboard to press the number/operation button</doc>
<arguments>
<arg>${Index}</arg>
</arguments>
<msg timestamp="20170714 11:08:17.210" level="INFO">Readed element is 8
Pressed 8</msg>
<status status="PASS" starttime="20170714 11:08:16.160" endtime="20170714 11:08:17.210"></status>
</kw>
<status status="PASS" starttime="20170714 11:08:16.159" endtime="20170714 11:08:17.210"></status>
</kw>
<kw name="${Index} = 6" type="foritem">
<kw name="Log" library="BuiltIn">
<doc>Logs the given message with the given level.</doc>
<arguments>
<arg>${Index}</arg>
</arguments>
<msg timestamp="20170714 11:08:17.210" level="INFO">6</msg>
<status status="PASS" starttime="20170714 11:08:17.210" endtime="20170714 11:08:17.211"></status>
</kw>
<kw name="Use Keyboard Press" library="EX1_TC1_Library">
<doc>Use the Keyboard to press the number/operation button</doc>
<arguments>
<arg>${Index}</arg>
</arguments>
<msg timestamp="20170714 11:08:18.261" level="INFO">Readed element is -
Pressed -</msg>
<status status="PASS" starttime="20170714 11:08:17.211" endtime="20170714 11:08:18.261"></status>
</kw>
<status status="PASS" starttime="20170714 11:08:17.210" endtime="20170714 11:08:18.261"></status>
</kw>
<kw name="${Index} = 7" type="foritem">
<kw name="Log" library="BuiltIn">
<doc>Logs the given message with the given level.</doc>
<arguments>
<arg>${Index}</arg>
</arguments>
<msg timestamp="20170714 11:08:18.261" level="INFO">7</msg>
<status status="PASS" starttime="20170714 11:08:18.261" endtime="20170714 11:08:18.261"></status>
</kw>
<kw name="Use Keyboard Press" library="EX1_TC1_Library">
<doc>Use the Keyboard to press the number/operation button</doc>
<arguments>
<arg>${Index}</arg>
</arguments>
<msg timestamp="20170714 11:08:20.362" level="INFO">Readed element is 7
Pressed 7
Readed element is 5
Pressed 5</msg>
<status status="PASS" starttime="20170714 11:08:18.262" endtime="20170714 11:08:20.362"></status>
</kw>
<status status="PASS" starttime="20170714 11:08:18.261" endtime="20170714 11:08:20.362"></status>
</kw>
<kw name="${Index} = 8" type="foritem">
<kw name="Log" library="BuiltIn">
<doc>Logs the given message with the given level.</doc>
<arguments>
<arg>${Index}</arg>
</arguments>
<msg timestamp="20170714 11:08:20.363" level="INFO">8</msg>
<status status="PASS" starttime="20170714 11:08:20.362" endtime="20170714 11:08:20.363"></status>
</kw>
<kw name="Use Keyboard Press" library="EX1_TC1_Library">
<doc>Use the Keyboard to press the number/operation button</doc>
<arguments>
<arg>${Index}</arg>
</arguments>
<msg timestamp="20170714 11:08:21.413" level="INFO">Readed element is /
Pressed /</msg>
<status status="PASS" starttime="20170714 11:08:20.363" endtime="20170714 11:08:21.413"></status>
</kw>
<status status="PASS" starttime="20170714 11:08:20.362" endtime="20170714 11:08:21.413"></status>
</kw>
<kw name="${Index} = 9" type="foritem">
<kw name="Log" library="BuiltIn">
<doc>Logs the given message with the given level.</doc>
<arguments>
<arg>${Index}</arg>
</arguments>
<msg timestamp="20170714 11:08:21.413" level="INFO">9</msg>
<status status="PASS" starttime="20170714 11:08:21.413" endtime="20170714 11:08:21.413"></status>
</kw>
<kw name="Use Keyboard Press" library="EX1_TC1_Library">
<doc>Use the Keyboard to press the number/operation button</doc>
<arguments>
<arg>${Index}</arg>
</arguments>
<msg timestamp="20170714 11:08:23.515" level="INFO">Readed element is 4
Pressed 4
Readed element is 5
Pressed 5</msg>
<status status="PASS" starttime="20170714 11:08:21.414" endtime="20170714 11:08:23.515"></status>
</kw>
<status status="PASS" starttime="20170714 11:08:21.413" endtime="20170714 11:08:23.515"></status>
</kw>
<kw name="${Index} = 10" type="foritem">
<kw name="Log" library="BuiltIn">
<doc>Logs the given message with the given level.</doc>
<arguments>
<arg>${Index}</arg>
</arguments>
<msg timestamp="20170714 11:08:23.515" level="INFO">10</msg>
<status status="PASS" starttime="20170714 11:08:23.515" endtime="20170714 11:08:23.516"></status>
</kw>
<kw name="Use Keyboard Press" library="EX1_TC1_Library">
<doc>Use the Keyboard to press the number/operation button</doc>
<arguments>
<arg>${Index}</arg>
</arguments>
<msg timestamp="20170714 11:08:24.566" level="INFO">Readed element is *
Pressed *</msg>
<status status="PASS" starttime="20170714 11:08:23.516" endtime="20170714 11:08:24.566"></status>
</kw>
<status status="PASS" starttime="20170714 11:08:23.515" endtime="20170714 11:08:24.566"></status>
</kw>
<kw name="${Index} = 11" type="foritem">
<kw name="Log" library="BuiltIn">
<doc>Logs the given message with the given level.</doc>
<arguments>
<arg>${Index}</arg>
</arguments>
<msg timestamp="20170714 11:08:24.566" level="INFO">11</msg>
<status status="PASS" starttime="20170714 11:08:24.566" endtime="20170714 11:08:24.567"></status>
</kw>
<kw name="Use Keyboard Press" library="EX1_TC1_Library">
<doc>Use the Keyboard to press the number/operation button</doc>
<arguments>
<arg>${Index}</arg>
</arguments>
<msg timestamp="20170714 11:08:27.717" level="INFO">Readed element is 3
Pressed 3
Readed element is 9
Pressed 9
Readed element is 9
Pressed 9</msg>
<status status="PASS" starttime="20170714 11:08:24.567" endtime="20170714 11:08:27.717"></status>
</kw>
<status status="PASS" starttime="20170714 11:08:24.566" endtime="20170714 11:08:27.717"></status>
</kw>
<kw name="${Index} = 12" type="foritem">
<kw name="Log" library="BuiltIn">
<doc>Logs the given message with the given level.</doc>
<arguments>
<arg>${Index}</arg>
</arguments>
<msg timestamp="20170714 11:08:27.717" level="INFO">12</msg>
<status status="PASS" starttime="20170714 11:08:27.717" endtime="20170714 11:08:27.718"></status>
</kw>
<kw name="Use Keyboard Press" library="EX1_TC1_Library">
<doc>Use the Keyboard to press the number/operation button</doc>
<arguments>
<arg>${Index}</arg>
</arguments>
<msg timestamp="20170714 11:08:28.768" level="INFO">Readed element is =
Pressed =</msg>
<status status="PASS" starttime="20170714 11:08:27.718" endtime="20170714 11:08:28.768"></status>
</kw>
<status status="PASS" starttime="20170714 11:08:27.717" endtime="20170714 11:08:28.768"></status>
</kw>
<kw name="${Index} = 13" type="foritem">
<kw name="Log" library="BuiltIn">
<doc>Logs the given message with the given level.</doc>
<arguments>
<arg>${Index}</arg>
</arguments>
<msg timestamp="20170714 11:08:28.768" level="INFO">13</msg>
<status status="PASS" starttime="20170714 11:08:28.768" endtime="20170714 11:08:28.769"></status>
</kw>
<kw name="Use Keyboard Press" library="EX1_TC1_Library">
<doc>Use the Keyboard to press the number/operation button</doc>
<arguments>
<arg>${Index}</arg>
</arguments>
<msg timestamp="20170714 11:08:28.769" level="INFO">The current result in the Calculator is -567.4666666666667
And the excepted result in the CSV file is 383</msg>
<status status="PASS" starttime="20170714 11:08:28.769" endtime="20170714 11:08:28.769"></status>
</kw>
<status status="PASS" starttime="20170714 11:08:28.768" endtime="20170714 11:08:28.769"></status>
</kw>
<kw name="${Index} = 14" type="foritem">
<kw name="Log" library="BuiltIn">
<doc>Logs the given message with the given level.</doc>
<arguments>
<arg>${Index}</arg>
</arguments>
<msg timestamp="20170714 11:08:28.769" level="INFO">14</msg>
<status status="PASS" starttime="20170714 11:08:28.769" endtime="20170714 11:08:28.769"></status>
</kw>
<kw name="Use Keyboard Press" library="EX1_TC1_Library">
<doc>Use the Keyboard to press the number/operation button</doc>
<arguments>
<arg>${Index}</arg>
</arguments>
<msg timestamp="20170714 11:08:29.820" level="INFO">Readed element is 4
Pressed 4</msg>
<status status="PASS" starttime="20170714 11:08:28.769" endtime="20170714 11:08:29.820"></status>
</kw>
<status status="PASS" starttime="20170714 11:08:28.769" endtime="20170714 11:08:29.820"></status>
</kw>
<kw name="${Index} = 15" type="foritem">
<kw name="Log" library="BuiltIn">
<doc>Logs the given message with the given level.</doc>
<arguments>
<arg>${Index}</arg>
</arguments>
<msg timestamp="20170714 11:08:29.820" level="INFO">15</msg>
<status status="PASS" starttime="20170714 11:08:29.820" endtime="20170714 11:08:29.821"></status>
</kw>
<kw name="Use Keyboard Press" library="EX1_TC1_Library">
<doc>Use the Keyboard to press the number/operation button</doc>
<arguments>
<arg>${Index}</arg>
</arguments>
<msg timestamp="20170714 11:08:30.871" level="INFO">Readed element is -
Pressed -</msg>
<status status="PASS" starttime="20170714 11:08:29.821" endtime="20170714 11:08:30.871"></status>
</kw>
<status status="PASS" starttime="20170714 11:08:29.820" endtime="20170714 11:08:30.871"></status>
</kw>
<kw name="${Index} = 16" type="foritem">
<kw name="Log" library="BuiltIn">
<doc>Logs the given message with the given level.</doc>
<arguments>
<arg>${Index}</arg>
</arguments>
<msg timestamp="20170714 11:08:30.872" level="INFO">16</msg>
<status status="PASS" starttime="20170714 11:08:30.871" endtime="20170714 11:08:30.872"></status>
</kw>
<kw name="Use Keyboard Press" library="EX1_TC1_Library">
<doc>Use the Keyboard to press the number/operation button</doc>
<arguments>
<arg>${Index}</arg>
</arguments>
<msg timestamp="20170714 11:08:31.923" level="INFO">Readed element is 3
Pressed 3</msg>
<status status="PASS" starttime="20170714 11:08:30.872" endtime="20170714 11:08:31.923"></status>
</kw>
<status status="PASS" starttime="20170714 11:08:30.871" endtime="20170714 11:08:31.923"></status>
</kw>
<kw name="${Index} = 17" type="foritem">
<kw name="Log" library="BuiltIn">
<doc>Logs the given message with the given level.</doc>
<arguments>
<arg>${Index}</arg>
</arguments>
<msg timestamp="20170714 11:08:31.923" level="INFO">17</msg>
<status status="PASS" starttime="20170714 11:08:31.923" endtime="20170714 11:08:31.924"></status>
</kw>
<kw name="Use Keyboard Press" library="EX1_TC1_Library">
<doc>Use the Keyboard to press the number/operation button</doc>
<arguments>
<arg>${Index}</arg>
</arguments>
<msg timestamp="20170714 11:08:32.974" level="INFO">Readed element is =
Pressed =</msg>
<status status="PASS" starttime="20170714 11:08:31.924" endtime="20170714 11:08:32.974"></status>
</kw>
<status status="PASS" starttime="20170714 11:08:31.923" endtime="20170714 11:08:32.974"></status>
</kw>
<kw name="${Index} = 18" type="foritem">
<kw name="Log" library="BuiltIn">
<doc>Logs the given message with the given level.</doc>
<arguments>
<arg>${Index}</arg>
</arguments>
<msg timestamp="20170714 11:08:32.974" level="INFO">18</msg>
<status status="PASS" starttime="20170714 11:08:32.974" endtime="20170714 11:08:32.975"></status>
</kw>
<kw name="Use Keyboard Press" library="EX1_TC1_Library">
<doc>Use the Keyboard to press the number/operation button</doc>
<arguments>
<arg>${Index}</arg>
</arguments>
<msg timestamp="20170714 11:08:32.975" level="INFO">The current result in the Calculator is 1
And the excepted result in the CSV file is 1</msg>
<status status="PASS" starttime="20170714 11:08:32.975" endtime="20170714 11:08:32.975"></status>
</kw>
<status status="PASS" starttime="20170714 11:08:32.974" endtime="20170714 11:08:32.975"></status>
</kw>
<kw name="${Index} = 19" type="foritem">
<kw name="Log" library="BuiltIn">
<doc>Logs the given message with the given level.</doc>
<arguments>
<arg>${Index}</arg>
</arguments>
<msg timestamp="20170714 11:08:32.975" level="INFO">19</msg>
<status status="PASS" starttime="20170714 11:08:32.975" endtime="20170714 11:08:32.975"></status>
</kw>
<kw name="Use Keyboard Press" library="EX1_TC1_Library">
<doc>Use the Keyboard to press the number/operation button</doc>
<arguments>
<arg>${Index}</arg>
</arguments>
<status status="PASS" starttime="20170714 11:08:32.976" endtime="20170714 11:08:32.976"></status>
</kw>
<status status="PASS" starttime="20170714 11:08:32.975" endtime="20170714 11:08:32.976"></status>
</kw>
<kw name="${Index} = 20" type="foritem">
<kw name="Log" library="BuiltIn">
<doc>Logs the given message with the given level.</doc>
<arguments>
<arg>${Index}</arg>
</arguments>
<msg timestamp="20170714 11:08:32.976" level="INFO">20</msg>
<status status="PASS" starttime="20170714 11:08:32.976" endtime="20170714 11:08:32.976"></status>
</kw>
<kw name="Use Keyboard Press" library="EX1_TC1_Library">
<doc>Use the Keyboard to press the number/operation button</doc>
<arguments>
<arg>${Index}</arg>
</arguments>
<status status="PASS" starttime="20170714 11:08:32.976" endtime="20170714 11:08:32.976"></status>
</kw>
<status status="PASS" starttime="20170714 11:08:32.976" endtime="20170714 11:08:32.976"></status>
</kw>
<kw name="${Index} = 21" type="foritem">
<kw name="Log" library="BuiltIn">
<doc>Logs the given message with the given level.</doc>
<arguments>
<arg>${Index}</arg>
</arguments>
<msg timestamp="20170714 11:08:32.977" level="INFO">21</msg>
<status status="PASS" starttime="20170714 11:08:32.977" endtime="20170714 11:08:32.977"></status>
</kw>
<kw name="Use Keyboard Press" library="EX1_TC1_Library">
<doc>Use the Keyboard to press the number/operation button</doc>
<arguments>
<arg>${Index}</arg>
</arguments>
<status status="PASS" starttime="20170714 11:08:32.977" endtime="20170714 11:08:32.977"></status>
</kw>
<status status="PASS" starttime="20170714 11:08:32.977" endtime="20170714 11:08:32.977"></status>
</kw>
<kw name="${Index} = 22" type="foritem">
<kw name="Log" library="BuiltIn">
<doc>Logs the given message with the given level.</doc>
<arguments>
<arg>${Index}</arg>
</arguments>
<msg timestamp="20170714 11:08:32.978" level="INFO">22</msg>
<status status="PASS" starttime="20170714 11:08:32.977" endtime="20170714 11:08:32.978"></status>
</kw>
<kw name="Use Keyboard Press" library="EX1_TC1_Library">
<doc>Use the Keyboard to press the number/operation button</doc>
<arguments>
<arg>${Index}</arg>
</arguments>
<status status="PASS" starttime="20170714 11:08:32.978" endtime="20170714 11:08:32.978"></status>
</kw>
<status status="PASS" starttime="20170714 11:08:32.977" endtime="20170714 11:08:32.978"></status>
</kw>
<kw name="${Index} = 23" type="foritem">
<kw name="Log" library="BuiltIn">
<doc>Logs the given message with the given level.</doc>
<arguments>
<arg>${Index}</arg>
</arguments>
<msg timestamp="20170714 11:08:32.978" level="INFO">23</msg>
<status status="PASS" starttime="20170714 11:08:32.978" endtime="20170714 11:08:32.978"></status>
</kw>
<kw name="Use Keyboard Press" library="EX1_TC1_Library">
<doc>Use the Keyboard to press the number/operation button</doc>
<arguments>
<arg>${Index}</arg>
</arguments>
<status status="PASS" starttime="20170714 11:08:32.978" endtime="20170714 11:08:32.979"></status>
</kw>
<status status="PASS" starttime="20170714 11:08:32.978" endtime="20170714 11:08:32.979"></status>
</kw>
<kw name="${Index} = 24" type="foritem">
<kw name="Log" library="BuiltIn">
<doc>Logs the given message with the given level.</doc>
<arguments>
<arg>${Index}</arg>
</arguments>
<msg timestamp="20170714 11:08:32.979" level="INFO">24</msg>
<status status="PASS" starttime="20170714 11:08:32.979" endtime="20170714 11:08:32.979"></status>
</kw>
<kw name="Use Keyboard Press" library="EX1_TC1_Library">
<doc>Use the Keyboard to press the number/operation button</doc>
<arguments>
<arg>${Index}</arg>
</arguments>
<status status="PASS" starttime="20170714 11:08:32.979" endtime="20170714 11:08:32.979"></status>
</kw>
<status status="PASS" starttime="20170714 11:08:32.979" endtime="20170714 11:08:32.979"></status>
</kw>
<status status="PASS" starttime="20170714 11:08:11.954" endtime="20170714 11:08:32.979"></status>
</kw>
<kw name="Get Excepted Result" library="EX1_TC1_Library">
<assign>
<var>${Excpeted}</var>
</assign>
<msg timestamp="20170714 11:08:32.980" level="INFO">${Excpeted} = ['3', '383', '1']</msg>
<status status="PASS" starttime="20170714 11:08:32.980" endtime="20170714 11:08:32.980"></status>
</kw>
<kw name="Get Displayed Result" library="EX1_TC1_Library">
<assign>
<var>${Displayed}</var>
</assign>
<msg timestamp="20170714 11:08:32.981" level="INFO">${Displayed} = ['3', '-567.4666666666667', '1']</msg>
<status status="PASS" starttime="20170714 11:08:32.981" endtime="20170714 11:08:32.981"></status>
</kw>
<kw name="Resut Should Equals" library="EX1_TC1_Library">
<arguments>
<arg>${Excpeted}</arg>
<arg>${Displayed}</arg>
</arguments>
<msg timestamp="20170714 11:08:32.982" level="FAIL">['3', '383', '1'] != ['3', '-567.4666666666667', '1']</msg>
<status status="FAIL" starttime="20170714 11:08:32.982" endtime="20170714 11:08:32.982"></status>
</kw>
<kw name="Close App" library="EX1_TC1_Library" type="teardown">
<status status="PASS" starttime="20170714 11:08:32.983" endtime="20170714 11:08:32.983"></status>
</kw>
<status status="FAIL" starttime="20170714 11:08:09.942" endtime="20170714 11:08:32.984" critical="yes">['3', '383', '1'] != ['3', '-567.4666666666667', '1']</status>
</test>
<doc>Test.</doc>
<status status="FAIL" starttime="20170714 11:07:07.838" endtime="20170714 11:08:32.989"></status>
</suite>
<statistics>
<total>
<stat pass="0" fail="2">Critical Tests</stat>
<stat pass="0" fail="2">All Tests</stat>
</total>
<tag>
</tag>
<suite>
<stat pass="0" fail="2" id="s1" name="Test">Test</stat>
</suite>
</statistics>
<errors>
</errors>
</robot>
